# checking ar ... # OK
# checking bash ... # OK
# checking cat ... # OK
# checking gcc ... # OK
# checking grep ... # OK
# checking ifconfig ... # Failed
# checking ar ... # OK
# checking bash ... # OK
# checking cat ... # OK
# checking gcc ... # OK
# checking grep ... # OK
# checking ld ... # OK
# checking ldd ... # OK
# checking less ... # OK
# checking ls ... # OK
# checking man ... # OK
# checking more ... # OK
# checking readelf ... # OK
# checking sed ... # OK
# checking test ... # OK
# checking ar ... # OK
# checking bash ... # OK
# checking cat ... # OK
# checking gcc ... # OK
# checking grep ... # OK
# checking ld ... # OK
# checking ldd ... # OK
# checking less ... # OK
# checking ls ... # OK
# checking man ... # OK
# checking more ... # OK
# checking readelf ... # OK
# checking sed ... # OK
# checking test ... # OK
# checking firefox ... # OK
# checking gcc ... # OK
# checking ld ... # OK
# checking less ... # OK
# checking man ... # OK
# checking more ... # OK
# checking startx ... # OK
# checking wget ... # OK
